-------------------------------------------------------------------------------
Test set: com.ibm.test.TestEmpDept
-------------------------------------------------------------------------------
Tests run: 4, Failures: 2, Errors: 2, Skipped: 0, Time elapsed: 0.204 s <<< FAILURE! - in com.ibm.test.TestEmpDept
testAddDept  Time elapsed: 0.008 s  <<< ERROR!
javax.persistence.RollbackException: Error while committing the transaction
	at com.ibm.test.TestEmpDept.testAddDept(TestEmpDept.java:29)
Caused by: javax.persistence.PersistenceException: org.hibernate.exception.GenericJDBCException: could not execute statement
	at com.ibm.test.TestEmpDept.testAddDept(TestEmpDept.java:29)
Caused by: org.hibernate.exception.GenericJDBCException: could not execute statement
	at com.ibm.test.TestEmpDept.testAddDept(TestEmpDept.java:29)
Caused by: java.sql.SQLException: Field 'deptno' doesn't have a default value
	at com.ibm.test.TestEmpDept.testAddDept(TestEmpDept.java:29)

testFindDept  Time elapsed: 0.005 s  <<< FAILURE!
org.opentest4j.AssertionFailedError: expected: not <null>
	at com.ibm.test.TestEmpDept.testFindDept(TestEmpDept.java:45)

testRemoveDept  Time elapsed: 0.019 s  <<< FAILURE!
org.opentest4j.AssertionFailedError: expected: <true> but was: <false>
	at com.ibm.test.TestEmpDept.testRemoveDept(TestEmpDept.java:52)

testAddEmp  Time elapsed: 0.018 s  <<< ERROR!
javax.persistence.RollbackException: Error while committing the transaction
	at com.ibm.test.TestEmpDept.testAddEmp(TestEmpDept.java:38)
Caused by: javax.persistence.PersistenceException: org.hibernate.exception.GenericJDBCException: could not execute statement
	at com.ibm.test.TestEmpDept.testAddEmp(TestEmpDept.java:38)
Caused by: org.hibernate.exception.GenericJDBCException: could not execute statement
	at com.ibm.test.TestEmpDept.testAddEmp(TestEmpDept.java:38)
Caused by: java.sql.SQLException: Field 'empNo' doesn't have a default value
	at com.ibm.test.TestEmpDept.testAddEmp(TestEmpDept.java:38)

