-------------------------------------------------------------------------------
Test set: com.ibm.test.TestAlbumDao
-------------------------------------------------------------------------------
Tests run: 3, Failures: 1, Errors: 0, Skipped: 0, Time elapsed: 2.368 s <<< FAILURE! - in com.ibm.test.TestAlbumDao
testFind  Time elapsed: 0.024 s  <<< FAILURE!
org.opentest4j.AssertionFailedError: expected: not <null>
	at com.ibm.test.TestAlbumDao.testFind(TestAlbumDao.java:34)

