<?xml version="1.0" encoding="UTF-8"?>
<testsuite xmlns:xsi="http://www.w3.org/2001/XMLSchema-instance" xsi:noNamespaceSchemaLocation="https://maven.apache.org/surefire/maven-surefire-plugin/xsd/surefire-test-report.xsd" name="com.ibm.test.TestAlbumDao" time="2.368" tests="3" errors="0" skipped="0" failures="1">
  <properties>
[...]
</properties>
  <testcase name="testAdd" classname="com.ibm.test.TestAlbumDao" time="0.157"/>
  <testcase name="testFind" classname="com.ibm.test.TestAlbumDao" time="0.024">
    <failure message="expected: not &lt;null&gt;" type="org.opentest4j.AssertionFailedError"><![CDATA[org.opentest4j.AssertionFailedError: expected: not <null>
	at com.ibm.test.TestAlbumDao.testFind(TestAlbumDao.java:34)
]]></failure>
    <system-out><![CDATA[Hibernate: select album0_.album_id as album_id1_5_0_, album0_.genre as genre2_5_0_, album0_.rating as rating3_5_0_, album0_.title as title4_5_0_ from music_album album0_ where album0_.album_id=?
]]></system-out>
  </testcase>
  <testcase name="testUpdate" classname="com.ibm.test.TestAlbumDao" time="0.016"/>
</testsuite>